# JRE version: OpenJDK Runtime Environment (11.0.2+9) (build 11.0.2+9)
# Java VM: OpenJDK 64-Bit Server VM (11.0.2+9, mixed mode, tiered, compressed oops, g1 gc, windows-amd64)
Heap:
 garbage-first heap   total 236544K, used 122587K [0x0000000741800000, 0x0000000800000000)
  region size 1024K, 81 young (82944K), 5 survivors (5120K)
 Metaspace       used 64868K, capacity 67579K, committed 67664K, reserved 1107968K
  class space    used 8601K, capacity 9790K, committed 9852K, reserved 1048576K
GC Heap History (10 events):
Event: 3.827 GC heap before
{Heap before GC invocations=8 (full 0):
 garbage-first heap   total 196608K, used 123446K [0x0000000741800000, 0x0000000800000000)
  region size 1024K, 106 young (108544K), 13 survivors (13312K)
 Metaspace       used 53597K, capacity 55943K, committed 56016K, reserved 1097728K
  class space    used 7150K, capacity 8138K, committed 8188K, reserved 1048576K
}
Event: 3.833 GC heap after
{Heap after GC invocations=9 (full 0):
 garbage-first heap   total 196608K, used 33243K [0x0000000741800000, 0x0000000800000000)
  region size 1024K, 10 young (10240K), 10 survivors (10240K)
 Metaspace       used 53597K, capacity 55943K, committed 56016K, reserved 1097728K
  class space    used 7150K, capacity 8138K, committed 8188K, reserved 1048576K
}
Event: 3.933 GC heap before
{Heap before GC invocations=9 (full 0):
 garbage-first heap   total 196608K, used 130523K [0x0000000741800000, 0x0000000800000000)
  region size 1024K, 106 young (108544K), 10 survivors (10240K)
 Metaspace       used 54091K, capacity 56392K, committed 56656K, reserved 1097728K
  class space    used 7207K, capacity 8180K, committed 8316K, reserved 1048576K
}
Event: 3.942 GC heap after
{Heap after GC invocations=10 (full 0):
 garbage-first heap   total 236544K, used 40213K [0x0000000741800000, 0x0000000800000000)
  region size 1024K, 14 young (14336K), 14 survivors (14336K)
 Metaspace       used 54091K, capacity 56392K, committed 56656K, reserved 1097728K
  class space    used 7207K, capacity 8180K, committed 8316K, reserved 1048576K
}
Event: 4.020 GC heap before
{Heap before GC invocations=10 (full 0):
 garbage-first heap   total 236544K, used 166165K [0x0000000741800000, 0x0000000800000000)
  region size 1024K, 138 young (141312K), 14 survivors (14336K)
 Metaspace       used 54541K, capacity 56844K, committed 57168K, reserved 1097728K
  class space    used 7269K, capacity 8224K, committed 8316K, reserved 1048576K
}
Event: 4.026 GC heap after
{Heap after GC invocations=11 (full 0):
 garbage-first heap   total 236544K, used 42520K [0x0000000741800000, 0x0000000800000000)
  region size 1024K, 11 young (11264K), 11 survivors (11264K)
 Metaspace       used 54541K, capacity 56844K, committed 57168K, reserved 1097728K
  class space    used 7269K, capacity 8224K, committed 8316K, reserved 1048576K
}
Event: 4.107 GC heap before
{Heap before GC invocations=11 (full 0):
 garbage-first heap   total 236544K, used 171544K [0x0000000741800000, 0x0000000800000000)
  region size 1024K, 138 young (141312K), 11 survivors (11264K)
 Metaspace       used 55036K, capacity 57330K, committed 57424K, reserved 1097728K
  class space    used 7310K, capacity 8258K, committed 8316K, reserved 1048576K
}
Event: 4.112 GC heap after
{Heap after GC invocations=12 (full 0):
 garbage-first heap   total 236544K, used 44764K [0x0000000741800000, 0x0000000800000000)
  region size 1024K, 4 young (4096K), 4 survivors (4096K)
 Metaspace       used 55036K, capacity 57330K, committed 57424K, reserved 1097728K
  class space    used 7310K, capacity 8258K, committed 8316K, reserved 1048576K
}
Event: 4.245 GC heap before
{Heap before GC invocations=12 (full 0):
 garbage-first heap   total 236544K, used 89820K [0x0000000741800000, 0x0000000800000000)
  region size 1024K, 50 young (51200K), 4 survivors (4096K)
 Metaspace       used 57974K, capacity 60343K, committed 60496K, reserved 1101824K
  class space    used 7712K, capacity 8711K, committed 8828K, reserved 1048576K
}
Event: 4.248 GC heap after
{Heap after GC invocations=13 (full 0):
 garbage-first heap   total 236544K, used 45787K [0x0000000741800000, 0x0000000800000000)
  region size 1024K, 5 young (5120K), 5 survivors (5120K)
 Metaspace       used 57974K, capacity 60343K, committed 60496K, reserved 1101824K
  class space    used 7712K, capacity 8711K, committed 8828K, reserved 1048576K
}

