# JRE version: OpenJDK Runtime Environment (11.0.2+9) (build 11.0.2+9)
# Java VM: OpenJDK 64-Bit Server VM (11.0.2+9, mixed mode, tiered, compressed oops, g1 gc, windows-amd64)
Heap:
 garbage-first heap   total 196608K, used 91801K [0x0000000741800000, 0x0000000800000000)
  region size 1024K, 52 young (53248K), 15 survivors (15360K)
 Metaspace       used 68163K, capacity 71366K, committed 71680K, reserved 1110016K
  class space    used 9035K, capacity 10390K, committed 10496K, reserved 1048576K
GC Heap History (10 events):
Event: 5.804 GC heap before
{Heap before GC invocations=9 (full 0):
 garbage-first heap   total 196608K, used 136023K [0x0000000741800000, 0x0000000800000000)
  region size 1024K, 109 young (111616K), 11 survivors (11264K)
 Metaspace       used 54342K, capacity 56681K, committed 56960K, reserved 1097728K
  class space    used 7237K, capacity 8214K, committed 8320K, reserved 1048576K
}
Event: 5.811 GC heap after
{Heap after GC invocations=10 (full 0):
 garbage-first heap   total 196608K, used 42958K [0x0000000741800000, 0x0000000800000000)
  region size 1024K, 7 young (7168K), 7 survivors (7168K)
 Metaspace       used 54342K, capacity 56681K, committed 56960K, reserved 1097728K
  class space    used 7237K, capacity 8214K, committed 8320K, reserved 1048576K
}
Event: 5.873 GC heap before
{Heap before GC invocations=10 (full 0):
 garbage-first heap   total 196608K, used 143310K [0x0000000741800000, 0x0000000800000000)
  region size 1024K, 106 young (108544K), 7 survivors (7168K)
 Metaspace       used 54445K, capacity 56798K, committed 56960K, reserved 1097728K
  class space    used 7249K, capacity 8253K, committed 8320K, reserved 1048576K
}
Event: 5.876 GC heap after
{Heap after GC invocations=11 (full 0):
 garbage-first heap   total 196608K, used 43401K [0x0000000741800000, 0x0000000800000000)
  region size 1024K, 8 young (8192K), 8 survivors (8192K)
 Metaspace       used 54445K, capacity 56798K, committed 56960K, reserved 1097728K
  class space    used 7249K, capacity 8253K, committed 8320K, reserved 1048576K
}
Event: 5.940 GC heap before
{Heap before GC invocations=11 (full 0):
 garbage-first heap   total 196608K, used 147849K [0x0000000741800000, 0x0000000800000000)
  region size 1024K, 111 young (113664K), 8 survivors (8192K)
 Metaspace       used 54578K, capacity 56929K, committed 57216K, reserved 1097728K
  class space    used 7271K, capacity 8254K, committed 8320K, reserved 1048576K
}
Event: 5.945 GC heap after
{Heap after GC invocations=12 (full 0):
 garbage-first heap   total 196608K, used 44863K [0x0000000741800000, 0x0000000800000000)
  region size 1024K, 9 young (9216K), 9 survivors (9216K)
 Metaspace       used 54578K, capacity 56929K, committed 57216K, reserved 1097728K
  class space    used 7271K, capacity 8254K, committed 8320K, reserved 1048576K
}
Event: 6.200 GC heap before
{Heap before GC invocations=12 (full 0):
 garbage-first heap   total 196608K, used 89919K [0x0000000741800000, 0x0000000800000000)
  region size 1024K, 55 young (56320K), 9 survivors (9216K)
 Metaspace       used 57733K, capacity 60070K, committed 60160K, reserved 1101824K
  class space    used 7666K, capacity 8643K, committed 8704K, reserved 1048576K
}
Event: 6.203 GC heap after
{Heap after GC invocations=13 (full 0):
 garbage-first heap   total 196608K, used 43684K [0x0000000741800000, 0x0000000800000000)
  region size 1024K, 3 young (3072K), 3 survivors (3072K)
 Metaspace       used 57733K, capacity 60070K, committed 60160K, reserved 1101824K
  class space    used 7666K, capacity 8643K, committed 8704K, reserved 1048576K
}
Event: 7.944 GC heap before
{Heap before GC invocations=14 (full 0):
 garbage-first heap   total 196608K, used 155300K [0x0000000741800000, 0x0000000800000000)
  region size 1024K, 113 young (115712K), 3 survivors (3072K)
 Metaspace       used 67181K, capacity 70288K, committed 70528K, reserved 1110016K
  class space    used 8976K, capacity 10297K, committed 10368K, reserved 1048576K
}
Event: 7.952 GC heap after
{Heap after GC invocations=15 (full 0):
 garbage-first heap   total 196608K, used 55961K [0x0000000741800000, 0x0000000800000000)
  region size 1024K, 15 young (15360K), 15 survivors (15360K)
 Metaspace       used 67181K, capacity 70288K, committed 70528K, reserved 1110016K
  class space    used 8976K, capacity 10297K, committed 10368K, reserved 1048576K
}

